<?xml version="1.0" encoding="UTF-8"?>
<!-- Generated by org.testng.reporters.JUnitReportReporter -->
<testsuite hostname="Arpit-PC" name="TestCases.HomePageTest" tests="1" failures="0" timestamp="14 May 2017 03:56:02 GMT" time="10.848" errors="0">
  <testcase name="verifyHomepageTest" time="10.848" classname="TestCases.HomePageTest"/>
</testsuite> <!-- TestCases.HomePageTest -->
